<?xml version="1.0" encoding="UTF-8"?>
<!-- Generated by org.testng.reporters.JUnitReportReporter -->
<testsuite skipped="0" hostname="TYSS-Sumanth" name="unitTestingTool.TC_Loan_001" tests="10" failures="0" timestamp="2021-12-17T12:58:10 IST" time="0.019" errors="0">
  <testcase name="create_Loan" time="0.008" classname="unitTestingTool.TC_Loan_001"/>
  <system-out>
create_Loan  </system-out>
  <testcase name="create_Loan" time="0.002" classname="unitTestingTool.TC_Loan_001"/>
  <system-out>
create_Loan  </system-out>
  <testcase name="create_Loan" time="0.002" classname="unitTestingTool.TC_Loan_001"/>
  <system-out>
create_Loan  </system-out>
  <testcase name="create_Loan" time="0.001" classname="unitTestingTool.TC_Loan_001"/>
  <system-out>
create_Loan  </system-out>
  <testcase name="create_Loan" time="0.001" classname="unitTestingTool.TC_Loan_001"/>
  <system-out>
create_Loan  </system-out>
  <testcase name="create_Loan" time="0.001" classname="unitTestingTool.TC_Loan_001"/>
  <system-out>
create_Loan  </system-out>
  <testcase name="create_Loan" time="0.001" classname="unitTestingTool.TC_Loan_001"/>
  <system-out>
create_Loan  </system-out>
  <testcase name="create_Loan" time="0.001" classname="unitTestingTool.TC_Loan_001"/>
  <system-out>
create_Loan  </system-out>
  <testcase name="create_Loan" time="0.001" classname="unitTestingTool.TC_Loan_001"/>
  <system-out>
create_Loan  </system-out>
  <testcase name="create_Loan" time="0.001" classname="unitTestingTool.TC_Loan_001"/>
  <system-out>
create_Loan  </system-out>
</testsuite> <!-- unitTestingTool.TC_Loan_001 -->
