<?xml version="1.0" encoding="UTF-8"?>
<!-- Generated by org.testng.reporters.JUnitReportReporter -->
<testsuite skipped="1" hostname="TYSS-Sumanth" name="unitTestingTool.TC_Account_001" tests="3" failures="0" timestamp="2021-12-17T13:05:05 IST" time="0.009" errors="0">
  <testcase name="modify_Account" time="0.008" classname="unitTestingTool.TC_Account_001"/>
  <system-out>
modify_Account  </system-out>
  <testcase name="create_Account" time="0.001" classname="unitTestingTool.TC_Account_001"/>
  <system-out>
create_Account  </system-out>
  <testcase name="delete_Account" classname="unitTestingTool.TC_Account_001">
    <skipped/>
  </testcase> <!-- delete_Account -->
  <system-out/>
</testsuite> <!-- unitTestingTool.TC_Account_001 -->
